<?xml version="1.0" encoding="utf-8"?><testsuites name="pytest tests"><testsuite name="pytest" errors="0" failures="0" skipped="0" tests="20" time="4.093" timestamp="2026-05-28T18:34:41.376631+00:00" hostname="agent-env-6d1c6136-d21e-4172-afc2-4da6658576b2"><testcase classname="backend.tests.backend_test.TestRoot" name="test_root" time="0.609" /><testcase classname="backend.tests.backend_test.TestAdminAuth" name="test_login_success" time="0.274" /><testcase classname="backend.tests.backend_test.TestAdminAuth" name="test_login_bad_password" time="0.273" /><testcase classname="backend.tests.backend_test.TestAdminAuth" name="test_login_bad_user" time="0.054" /><testcase classname="backend.tests.backend_test.TestAdminAuth" name="test_me_without_token" time="0.123" /><testcase classname="backend.tests.backend_test.TestAdminAuth" name="test_me_with_bearer" time="0.559" /><testcase classname="backend.tests.backend_test.TestTracking" name="test_track_access" time="0.072" /><testcase classname="backend.tests.backend_test.TestTracking" name="test_track_registration" time="0.055" /><testcase classname="backend.tests.backend_test.TestTracking" name="test_track_pix_generated" time="0.063" /><testcase classname="backend.tests.backend_test.TestTracking" name="test_track_pix_copied" time="0.069" /><testcase classname="backend.tests.backend_test.TestTracking" name="test_track_pix_downloaded" time="0.063" /><testcase classname="backend.tests.backend_test.TestDashboard" name="test_kpis_unauth" time="0.124" /><testcase classname="backend.tests.backend_test.TestDashboard" name="test_kpis_reflect_tracking" time="0.468" /><testcase classname="backend.tests.backend_test.TestDashboard" name="test_funnel" time="0.112" /><testcase classname="backend.tests.backend_test.TestDashboard" name="test_locations" time="0.132" /><testcase classname="backend.tests.backend_test.TestDashboard" name="test_activity_7days" time="0.122" /><testcase classname="backend.tests.backend_test.TestDashboard" name="test_realtime" time="0.132" /><testcase classname="backend.tests.backend_test.TestDashboard" name="test_access_list" time="0.121" /><testcase classname="backend.tests.backend_test.TestDashboard" name="test_access_list_query" time="0.143" /><testcase classname="backend.tests.backend_test.TestDashboard" name="test_reset_kpis" time="0.260" /></testsuite></testsuites>